06-Jan-21 07:46:09:INFO:********************************************
06-Jan-21 07:46:09:INFO:Starting Gmail email script...
06-Jan-21 07:46:09:INFO:Token found.
06-Jan-21 07:46:16:WARNING:file_cache is unavailable when using oauth2client >= 4.0.0 or google-auth
Traceback (most recent call last):
  File "/usr/local/lib/python3.8/site-packages/googleapiclient/discovery_cache/file_cache.py", line 33, in <module>
    from oauth2client.contrib.locked_file import LockedFile
ModuleNotFoundError: No module named 'oauth2client.contrib.locked_file'

During handling of the above exception, another exception occurred:

Traceback (most recent call last):
  File "/usr/local/lib/python3.8/site-packages/googleapiclient/discovery_cache/file_cache.py", line 37, in <module>
    from oauth2client.locked_file import LockedFile
ModuleNotFoundError: No module named 'oauth2client.locked_file'

During handling of the above exception, another exception occurred:

Traceback (most recent call last):
  File "/usr/local/lib/python3.8/site-packages/googleapiclient/discovery_cache/__init__.py", line 44, in autodetect
    from . import file_cache
  File "/usr/local/lib/python3.8/site-packages/googleapiclient/discovery_cache/file_cache.py", line 40, in <module>
    raise ImportError(
ImportError: file_cache is unavailable when using oauth2client >= 4.0.0 or google-auth
06-Jan-21 07:46:16:INFO:Using sender as: David Sim<dsim4205@tcusd.net>
06-Jan-21 07:46:16:INFO:Max rows is: 23and max column is: 4
06-Jan-21 07:46:16:INFO:Starting on email for: Hailey
06-Jan-21 07:46:17:INFO:     Draft saved to Google's servers with id: r3274821615975173637
06-Jan-21 07:46:17:INFO:Email for Hailey has been successfully sent to hau3725@tcusd.net!
06-Jan-21 07:46:17:INFO:#####
06-Jan-21 07:46:17:INFO:Sending email to: Hailey with the address: hau3725@tcusd.net
06-Jan-21 07:46:17:INFO:With body content:
Dear Hailey,

Welcome back from Winter Break! We hope you had a great time with your family relaxing and a wonderful start to your new year! 
As a reminder, we will be having our fourth Therapy Dog Club meeting next Monday, Jan 11, at 1 PM. We will be learning the steps and considerations for adopting dogs and other animals! 

Topic: Savay Lieu's Personal Meeting Room
Join Zoom Meeting
https://us02web.zoom.us/j/4749421865?pwd=N3h2T1VtK2ZYWTY5dGpISnE5VFBRQT09

Meeting ID: 474 942 1865
Passcode: 1rypWN

Thank you for being apart of Therapy Dog Club. We'll see you there!

David Sim 
President - Therapy Dog Club

06-Jan-21 07:46:18:INFO:Starting on email for: Adrian
06-Jan-21 07:46:19:INFO:     Draft saved to Google's servers with id: r-8455230596391532867
06-Jan-21 07:46:19:INFO:Email for Adrian has been successfully sent to cchow3786@tcusd.net!
06-Jan-21 07:46:19:INFO:#####
06-Jan-21 07:46:19:INFO:Sending email to: Adrian with the address: cchow3786@tcusd.net
06-Jan-21 07:46:19:INFO:With body content:
Dear Adrian,

Welcome back from Winter Break! We hope you had a great time with your family relaxing and a wonderful start to your new year! 
As a reminder, we will be having our fourth Therapy Dog Club meeting next Monday, Jan 11, at 1 PM. We will be learning the steps and considerations for adopting dogs and other animals! 

Topic: Savay Lieu's Personal Meeting Room
Join Zoom Meeting
https://us02web.zoom.us/j/4749421865?pwd=N3h2T1VtK2ZYWTY5dGpISnE5VFBRQT09

Meeting ID: 474 942 1865
Passcode: 1rypWN

Thank you for being apart of Therapy Dog Club. We'll see you there!

David Sim 
President - Therapy Dog Club

06-Jan-21 07:46:20:INFO:Starting on email for: My Cat
06-Jan-21 07:46:20:INFO:     Draft saved to Google's servers with id: r-3307536525631112953
06-Jan-21 07:46:20:INFO:Email for My Cat has been successfully sent to MDuong0107@tcusd.net!
06-Jan-21 07:46:20:INFO:#####
06-Jan-21 07:46:20:INFO:Sending email to: My Cat with the address: MDuong0107@tcusd.net
06-Jan-21 07:46:20:INFO:With body content:
Dear My Cat,

Welcome back from Winter Break! We hope you had a great time with your family relaxing and a wonderful start to your new year! 
As a reminder, we will be having our fourth Therapy Dog Club meeting next Monday, Jan 11, at 1 PM. We will be learning the steps and considerations for adopting dogs and other animals! 

Topic: Savay Lieu's Personal Meeting Room
Join Zoom Meeting
https://us02web.zoom.us/j/4749421865?pwd=N3h2T1VtK2ZYWTY5dGpISnE5VFBRQT09

Meeting ID: 474 942 1865
Passcode: 1rypWN

Thank you for being apart of Therapy Dog Club. We'll see you there!

David Sim 
President - Therapy Dog Club

06-Jan-21 07:46:21:INFO:Starting on email for: Kaylee
06-Jan-21 07:46:22:INFO:     Draft saved to Google's servers with id: r-8781741009154644740
06-Jan-21 07:46:22:INFO:Email for Kaylee has been successfully sent to keiber4542@tcusd.net!
06-Jan-21 07:46:22:INFO:#####
06-Jan-21 07:46:22:INFO:Sending email to: Kaylee with the address: keiber4542@tcusd.net
06-Jan-21 07:46:22:INFO:With body content:
Dear Kaylee,

Welcome back from Winter Break! We hope you had a great time with your family relaxing and a wonderful start to your new year! 
As a reminder, we will be having our fourth Therapy Dog Club meeting next Monday, Jan 11, at 1 PM. We will be learning the steps and considerations for adopting dogs and other animals! 

Topic: Savay Lieu's Personal Meeting Room
Join Zoom Meeting
https://us02web.zoom.us/j/4749421865?pwd=N3h2T1VtK2ZYWTY5dGpISnE5VFBRQT09

Meeting ID: 474 942 1865
Passcode: 1rypWN

Thank you for being apart of Therapy Dog Club. We'll see you there!

David Sim 
President - Therapy Dog Club

06-Jan-21 07:46:23:INFO:Starting on email for: Stephanie
06-Jan-21 07:46:23:INFO:     Draft saved to Google's servers with id: r-513871109319783991
06-Jan-21 07:46:23:INFO:Email for Stephanie has been successfully sent to xhu2863@tcusd.net!
06-Jan-21 07:46:23:INFO:#####
06-Jan-21 07:46:23:INFO:Sending email to: Stephanie with the address: xhu2863@tcusd.net
06-Jan-21 07:46:23:INFO:With body content:
Dear Stephanie,

Welcome back from Winter Break! We hope you had a great time with your family relaxing and a wonderful start to your new year! 
As a reminder, we will be having our fourth Therapy Dog Club meeting next Monday, Jan 11, at 1 PM. We will be learning the steps and considerations for adopting dogs and other animals! 

Topic: Savay Lieu's Personal Meeting Room
Join Zoom Meeting
https://us02web.zoom.us/j/4749421865?pwd=N3h2T1VtK2ZYWTY5dGpISnE5VFBRQT09

Meeting ID: 474 942 1865
Passcode: 1rypWN

Thank you for being apart of Therapy Dog Club. We'll see you there!

David Sim 
President - Therapy Dog Club

06-Jan-21 07:46:24:INFO:Starting on email for: Jonathan
06-Jan-21 07:46:25:INFO:     Draft saved to Google's servers with id: r-2897321259569989172
06-Jan-21 07:46:25:INFO:Email for Jonathan has been successfully sent to jlee4933@tcusd.net!
06-Jan-21 07:46:25:INFO:#####
06-Jan-21 07:46:25:INFO:Sending email to: Jonathan with the address: jlee4933@tcusd.net
06-Jan-21 07:46:25:INFO:With body content:
Dear Jonathan,

Welcome back from Winter Break! We hope you had a great time with your family relaxing and a wonderful start to your new year! 
As a reminder, we will be having our fourth Therapy Dog Club meeting next Monday, Jan 11, at 1 PM. We will be learning the steps and considerations for adopting dogs and other animals! 

Topic: Savay Lieu's Personal Meeting Room
Join Zoom Meeting
https://us02web.zoom.us/j/4749421865?pwd=N3h2T1VtK2ZYWTY5dGpISnE5VFBRQT09

Meeting ID: 474 942 1865
Passcode: 1rypWN

Thank you for being apart of Therapy Dog Club. We'll see you there!

David Sim 
President - Therapy Dog Club

06-Jan-21 07:46:26:INFO:Starting on email for: Jason
06-Jan-21 07:46:26:INFO:     Draft saved to Google's servers with id: r8921014369463655682
06-Jan-21 07:46:26:INFO:Email for Jason has been successfully sent to jlee3440@tcusd.net!
06-Jan-21 07:46:26:INFO:#####
06-Jan-21 07:46:26:INFO:Sending email to: Jason with the address: jlee3440@tcusd.net
06-Jan-21 07:46:26:INFO:With body content:
Dear Jason,

Welcome back from Winter Break! We hope you had a great time with your family relaxing and a wonderful start to your new year! 
As a reminder, we will be having our fourth Therapy Dog Club meeting next Monday, Jan 11, at 1 PM. We will be learning the steps and considerations for adopting dogs and other animals! 

Topic: Savay Lieu's Personal Meeting Room
Join Zoom Meeting
https://us02web.zoom.us/j/4749421865?pwd=N3h2T1VtK2ZYWTY5dGpISnE5VFBRQT09

Meeting ID: 474 942 1865
Passcode: 1rypWN

Thank you for being apart of Therapy Dog Club. We'll see you there!

David Sim 
President - Therapy Dog Club

06-Jan-21 07:46:27:INFO:Starting on email for: Vicky
06-Jan-21 07:46:28:INFO:     Draft saved to Google's servers with id: r269472984858309388
06-Jan-21 07:46:28:INFO:Email for Vicky has been successfully sent to wli4135@tcusd.net!
06-Jan-21 07:46:28:INFO:#####
06-Jan-21 07:46:28:INFO:Sending email to: Vicky with the address: wli4135@tcusd.net
06-Jan-21 07:46:28:INFO:With body content:
Dear Vicky,

Welcome back from Winter Break! We hope you had a great time with your family relaxing and a wonderful start to your new year! 
As a reminder, we will be having our fourth Therapy Dog Club meeting next Monday, Jan 11, at 1 PM. We will be learning the steps and considerations for adopting dogs and other animals! 

Topic: Savay Lieu's Personal Meeting Room
Join Zoom Meeting
https://us02web.zoom.us/j/4749421865?pwd=N3h2T1VtK2ZYWTY5dGpISnE5VFBRQT09

Meeting ID: 474 942 1865
Passcode: 1rypWN

Thank you for being apart of Therapy Dog Club. We'll see you there!

David Sim 
President - Therapy Dog Club

06-Jan-21 07:46:29:INFO:Starting on email for: Jasmine
06-Jan-21 07:46:29:INFO:     Draft saved to Google's servers with id: r-4351289921529595064
06-Jan-21 07:46:29:INFO:Email for Jasmine has been successfully sent to jliu2788@tcusd.net!
06-Jan-21 07:46:29:INFO:#####
06-Jan-21 07:46:29:INFO:Sending email to: Jasmine with the address: jliu2788@tcusd.net
06-Jan-21 07:46:29:INFO:With body content:
Dear Jasmine,

Welcome back from Winter Break! We hope you had a great time with your family relaxing and a wonderful start to your new year! 
As a reminder, we will be having our fourth Therapy Dog Club meeting next Monday, Jan 11, at 1 PM. We will be learning the steps and considerations for adopting dogs and other animals! 

Topic: Savay Lieu's Personal Meeting Room
Join Zoom Meeting
https://us02web.zoom.us/j/4749421865?pwd=N3h2T1VtK2ZYWTY5dGpISnE5VFBRQT09

Meeting ID: 474 942 1865
Passcode: 1rypWN

Thank you for being apart of Therapy Dog Club. We'll see you there!

David Sim 
President - Therapy Dog Club

06-Jan-21 07:46:30:INFO:Starting on email for: Chloe
06-Jan-21 07:46:30:INFO:     Draft saved to Google's servers with id: r-6255504859519901478
06-Jan-21 07:46:30:INFO:Email for Chloe has been successfully sent to cluong3964@tcusd.net!
06-Jan-21 07:46:30:INFO:#####
06-Jan-21 07:46:30:INFO:Sending email to: Chloe with the address: cluong3964@tcusd.net
06-Jan-21 07:46:30:INFO:With body content:
Dear Chloe,

Welcome back from Winter Break! We hope you had a great time with your family relaxing and a wonderful start to your new year! 
As a reminder, we will be having our fourth Therapy Dog Club meeting next Monday, Jan 11, at 1 PM. We will be learning the steps and considerations for adopting dogs and other animals! 

Topic: Savay Lieu's Personal Meeting Room
Join Zoom Meeting
https://us02web.zoom.us/j/4749421865?pwd=N3h2T1VtK2ZYWTY5dGpISnE5VFBRQT09

Meeting ID: 474 942 1865
Passcode: 1rypWN

Thank you for being apart of Therapy Dog Club. We'll see you there!

David Sim 
President - Therapy Dog Club

06-Jan-21 07:46:31:INFO:Starting on email for: Maria
06-Jan-21 07:46:32:INFO:     Draft saved to Google's servers with id: r1445566247157772702
06-Jan-21 07:46:32:INFO:Email for Maria has been successfully sent to moceguera0395@tcusd.net!
06-Jan-21 07:46:32:INFO:#####
06-Jan-21 07:46:32:INFO:Sending email to: Maria with the address: moceguera0395@tcusd.net
06-Jan-21 07:46:32:INFO:With body content:
Dear Maria,

Welcome back from Winter Break! We hope you had a great time with your family relaxing and a wonderful start to your new year! 
As a reminder, we will be having our fourth Therapy Dog Club meeting next Monday, Jan 11, at 1 PM. We will be learning the steps and considerations for adopting dogs and other animals! 

Topic: Savay Lieu's Personal Meeting Room
Join Zoom Meeting
https://us02web.zoom.us/j/4749421865?pwd=N3h2T1VtK2ZYWTY5dGpISnE5VFBRQT09

Meeting ID: 474 942 1865
Passcode: 1rypWN

Thank you for being apart of Therapy Dog Club. We'll see you there!

David Sim 
President - Therapy Dog Club

06-Jan-21 07:46:33:INFO:Starting on email for: Shanon
06-Jan-21 07:46:33:INFO:     Draft saved to Google's servers with id: r8753310652202029641
06-Jan-21 07:46:33:INFO:Email for Shanon has been successfully sent to span4658@tcusd.net!
06-Jan-21 07:46:33:INFO:#####
06-Jan-21 07:46:33:INFO:Sending email to: Shanon with the address: span4658@tcusd.net
06-Jan-21 07:46:33:INFO:With body content:
Dear Shanon,

Welcome back from Winter Break! We hope you had a great time with your family relaxing and a wonderful start to your new year! 
As a reminder, we will be having our fourth Therapy Dog Club meeting next Monday, Jan 11, at 1 PM. We will be learning the steps and considerations for adopting dogs and other animals! 

Topic: Savay Lieu's Personal Meeting Room
Join Zoom Meeting
https://us02web.zoom.us/j/4749421865?pwd=N3h2T1VtK2ZYWTY5dGpISnE5VFBRQT09

Meeting ID: 474 942 1865
Passcode: 1rypWN

Thank you for being apart of Therapy Dog Club. We'll see you there!

David Sim 
President - Therapy Dog Club

06-Jan-21 07:46:34:INFO:Starting on email for: Allison
06-Jan-21 07:46:35:INFO:     Draft saved to Google's servers with id: r6397723326914142033
06-Jan-21 07:46:35:INFO:Email for Allison has been successfully sent to apan3320@tcusd.net!
06-Jan-21 07:46:35:INFO:#####
06-Jan-21 07:46:35:INFO:Sending email to: Allison with the address: apan3320@tcusd.net
06-Jan-21 07:46:35:INFO:With body content:
Dear Allison,

Welcome back from Winter Break! We hope you had a great time with your family relaxing and a wonderful start to your new year! 
As a reminder, we will be having our fourth Therapy Dog Club meeting next Monday, Jan 11, at 1 PM. We will be learning the steps and considerations for adopting dogs and other animals! 

Topic: Savay Lieu's Personal Meeting Room
Join Zoom Meeting
https://us02web.zoom.us/j/4749421865?pwd=N3h2T1VtK2ZYWTY5dGpISnE5VFBRQT09

Meeting ID: 474 942 1865
Passcode: 1rypWN

Thank you for being apart of Therapy Dog Club. We'll see you there!

David Sim 
President - Therapy Dog Club

06-Jan-21 07:46:36:INFO:Starting on email for: Kelly
06-Jan-21 07:46:36:INFO:     Draft saved to Google's servers with id: r20877686337374545
06-Jan-21 07:46:36:INFO:Email for Kelly has been successfully sent to kpoplar3228@tcusd.net!
06-Jan-21 07:46:36:INFO:#####
06-Jan-21 07:46:36:INFO:Sending email to: Kelly with the address: kpoplar3228@tcusd.net
06-Jan-21 07:46:36:INFO:With body content:
Dear Kelly,

Welcome back from Winter Break! We hope you had a great time with your family relaxing and a wonderful start to your new year! 
As a reminder, we will be having our fourth Therapy Dog Club meeting next Monday, Jan 11, at 1 PM. We will be learning the steps and considerations for adopting dogs and other animals! 

Topic: Savay Lieu's Personal Meeting Room
Join Zoom Meeting
https://us02web.zoom.us/j/4749421865?pwd=N3h2T1VtK2ZYWTY5dGpISnE5VFBRQT09

Meeting ID: 474 942 1865
Passcode: 1rypWN

Thank you for being apart of Therapy Dog Club. We'll see you there!

David Sim 
President - Therapy Dog Club

06-Jan-21 07:46:37:INFO:Starting on email for: Jaden
06-Jan-21 07:46:38:INFO:     Draft saved to Google's servers with id: r8017631060679331075
06-Jan-21 07:46:38:INFO:Email for Jaden has been successfully sent to jqueron3535@tcusd.net!
06-Jan-21 07:46:38:INFO:#####
06-Jan-21 07:46:38:INFO:Sending email to: Jaden with the address: jqueron3535@tcusd.net
06-Jan-21 07:46:38:INFO:With body content:
Dear Jaden,

Welcome back from Winter Break! We hope you had a great time with your family relaxing and a wonderful start to your new year! 
As a reminder, we will be having our fourth Therapy Dog Club meeting next Monday, Jan 11, at 1 PM. We will be learning the steps and considerations for adopting dogs and other animals! 

Topic: Savay Lieu's Personal Meeting Room
Join Zoom Meeting
https://us02web.zoom.us/j/4749421865?pwd=N3h2T1VtK2ZYWTY5dGpISnE5VFBRQT09

Meeting ID: 474 942 1865
Passcode: 1rypWN

Thank you for being apart of Therapy Dog Club. We'll see you there!

David Sim 
President - Therapy Dog Club

06-Jan-21 07:46:39:INFO:Starting on email for: Jacqueline 
06-Jan-21 07:46:39:INFO:     Draft saved to Google's servers with id: r9121199653835799046
06-Jan-21 07:46:39:INFO:Email for Jacqueline  has been successfully sent to jreyes1686@tcusd.net!
06-Jan-21 07:46:39:INFO:#####
06-Jan-21 07:46:39:INFO:Sending email to: Jacqueline  with the address: jreyes1686@tcusd.net
06-Jan-21 07:46:39:INFO:With body content:
Dear Jacqueline ,

Welcome back from Winter Break! We hope you had a great time with your family relaxing and a wonderful start to your new year! 
As a reminder, we will be having our fourth Therapy Dog Club meeting next Monday, Jan 11, at 1 PM. We will be learning the steps and considerations for adopting dogs and other animals! 

Topic: Savay Lieu's Personal Meeting Room
Join Zoom Meeting
https://us02web.zoom.us/j/4749421865?pwd=N3h2T1VtK2ZYWTY5dGpISnE5VFBRQT09

Meeting ID: 474 942 1865
Passcode: 1rypWN

Thank you for being apart of Therapy Dog Club. We'll see you there!

David Sim 
President - Therapy Dog Club

06-Jan-21 07:46:40:INFO:Starting on email for: Armita
06-Jan-21 07:46:41:INFO:     Draft saved to Google's servers with id: r7321839980663824647
06-Jan-21 07:46:41:INFO:Email for Armita has been successfully sent to ashadfar3564@tcusd.net!
06-Jan-21 07:46:41:INFO:#####
06-Jan-21 07:46:41:INFO:Sending email to: Armita with the address: ashadfar3564@tcusd.net
06-Jan-21 07:46:41:INFO:With body content:
Dear Armita,

Welcome back from Winter Break! We hope you had a great time with your family relaxing and a wonderful start to your new year! 
As a reminder, we will be having our fourth Therapy Dog Club meeting next Monday, Jan 11, at 1 PM. We will be learning the steps and considerations for adopting dogs and other animals! 

Topic: Savay Lieu's Personal Meeting Room
Join Zoom Meeting
https://us02web.zoom.us/j/4749421865?pwd=N3h2T1VtK2ZYWTY5dGpISnE5VFBRQT09

Meeting ID: 474 942 1865
Passcode: 1rypWN

Thank you for being apart of Therapy Dog Club. We'll see you there!

David Sim 
President - Therapy Dog Club

06-Jan-21 07:46:42:INFO:Starting on email for: Suraj
06-Jan-21 07:46:42:INFO:     Draft saved to Google's servers with id: r5828246817496992013
06-Jan-21 07:46:42:INFO:Email for Suraj has been successfully sent to sshah4312@tcusd.net!
06-Jan-21 07:46:42:INFO:#####
06-Jan-21 07:46:42:INFO:Sending email to: Suraj with the address: sshah4312@tcusd.net
06-Jan-21 07:46:42:INFO:With body content:
Dear Suraj,

Welcome back from Winter Break! We hope you had a great time with your family relaxing and a wonderful start to your new year! 
As a reminder, we will be having our fourth Therapy Dog Club meeting next Monday, Jan 11, at 1 PM. We will be learning the steps and considerations for adopting dogs and other animals! 

Topic: Savay Lieu's Personal Meeting Room
Join Zoom Meeting
https://us02web.zoom.us/j/4749421865?pwd=N3h2T1VtK2ZYWTY5dGpISnE5VFBRQT09

Meeting ID: 474 942 1865
Passcode: 1rypWN

Thank you for being apart of Therapy Dog Club. We'll see you there!

David Sim 
President - Therapy Dog Club

06-Jan-21 07:46:43:INFO:Starting on email for: Ashley
06-Jan-21 07:46:44:INFO:     Draft saved to Google's servers with id: r3331208381811819760
06-Jan-21 07:46:44:INFO:Email for Ashley has been successfully sent to atran3552@tcusd.net !
06-Jan-21 07:46:44:INFO:#####
06-Jan-21 07:46:44:INFO:Sending email to: Ashley with the address: atran3552@tcusd.net 
06-Jan-21 07:46:44:INFO:With body content:
Dear Ashley,

Welcome back from Winter Break! We hope you had a great time with your family relaxing and a wonderful start to your new year! 
As a reminder, we will be having our fourth Therapy Dog Club meeting next Monday, Jan 11, at 1 PM. We will be learning the steps and considerations for adopting dogs and other animals! 

Topic: Savay Lieu's Personal Meeting Room
Join Zoom Meeting
https://us02web.zoom.us/j/4749421865?pwd=N3h2T1VtK2ZYWTY5dGpISnE5VFBRQT09

Meeting ID: 474 942 1865
Passcode: 1rypWN

Thank you for being apart of Therapy Dog Club. We'll see you there!

David Sim 
President - Therapy Dog Club

06-Jan-21 07:46:45:INFO:Starting on email for: Lauren
06-Jan-21 07:46:45:INFO:     Draft saved to Google's servers with id: r8558808569447791947
06-Jan-21 07:46:45:INFO:Email for Lauren has been successfully sent to lyoder2789@tcusd.net!
06-Jan-21 07:46:45:INFO:#####
06-Jan-21 07:46:45:INFO:Sending email to: Lauren with the address: lyoder2789@tcusd.net
06-Jan-21 07:46:45:INFO:With body content:
Dear Lauren,

Welcome back from Winter Break! We hope you had a great time with your family relaxing and a wonderful start to your new year! 
As a reminder, we will be having our fourth Therapy Dog Club meeting next Monday, Jan 11, at 1 PM. We will be learning the steps and considerations for adopting dogs and other animals! 

Topic: Savay Lieu's Personal Meeting Room
Join Zoom Meeting
https://us02web.zoom.us/j/4749421865?pwd=N3h2T1VtK2ZYWTY5dGpISnE5VFBRQT09

Meeting ID: 474 942 1865
Passcode: 1rypWN

Thank you for being apart of Therapy Dog Club. We'll see you there!

David Sim 
President - Therapy Dog Club

06-Jan-21 07:46:46:INFO:Starting on email for: Anne
06-Jan-21 07:46:47:INFO:     Draft saved to Google's servers with id: r-3425330520337756060
06-Jan-21 07:46:47:INFO:Email for Anne has been successfully sent to dzhu3885@tcusd.net!
06-Jan-21 07:46:47:INFO:#####
06-Jan-21 07:46:47:INFO:Sending email to: Anne with the address: dzhu3885@tcusd.net
06-Jan-21 07:46:47:INFO:With body content:
Dear Anne,

Welcome back from Winter Break! We hope you had a great time with your family relaxing and a wonderful start to your new year! 
As a reminder, we will be having our fourth Therapy Dog Club meeting next Monday, Jan 11, at 1 PM. We will be learning the steps and considerations for adopting dogs and other animals! 

Topic: Savay Lieu's Personal Meeting Room
Join Zoom Meeting
https://us02web.zoom.us/j/4749421865?pwd=N3h2T1VtK2ZYWTY5dGpISnE5VFBRQT09

Meeting ID: 474 942 1865
Passcode: 1rypWN

Thank you for being apart of Therapy Dog Club. We'll see you there!

David Sim 
President - Therapy Dog Club

06-Jan-21 07:46:48:INFO:Starting on email for: Nicole
06-Jan-21 07:46:48:INFO:     Draft saved to Google's servers with id: r-5707393310479771426
06-Jan-21 07:46:48:INFO:Email for Nicole has been successfully sent to nlee2799@tcusd.net!
06-Jan-21 07:46:48:INFO:#####
06-Jan-21 07:46:48:INFO:Sending email to: Nicole with the address: nlee2799@tcusd.net
06-Jan-21 07:46:48:INFO:With body content:
Dear Nicole,

Welcome back from Winter Break! We hope you had a great time with your family relaxing and a wonderful start to your new year! 
As a reminder, we will be having our fourth Therapy Dog Club meeting next Monday, Jan 11, at 1 PM. We will be learning the steps and considerations for adopting dogs and other animals! 

Topic: Savay Lieu's Personal Meeting Room
Join Zoom Meeting
https://us02web.zoom.us/j/4749421865?pwd=N3h2T1VtK2ZYWTY5dGpISnE5VFBRQT09

Meeting ID: 474 942 1865
Passcode: 1rypWN

Thank you for being apart of Therapy Dog Club. We'll see you there!

David Sim 
President - Therapy Dog Club

06-Jan-21 07:46:49:INFO:List has been cycled through. Exiting...
