27-Jan-21 07:08:23:INFO:********************************************
27-Jan-21 07:08:23:INFO:Starting Gmail email script...
27-Jan-21 07:08:23:INFO:Token found.
27-Jan-21 07:08:23:WARNING:file_cache is unavailable when using oauth2client >= 4.0.0 or google-auth
Traceback (most recent call last):
  File "/usr/local/lib/python3.8/site-packages/googleapiclient/discovery_cache/file_cache.py", line 33, in <module>
    from oauth2client.contrib.locked_file import LockedFile
ModuleNotFoundError: No module named 'oauth2client.contrib.locked_file'

During handling of the above exception, another exception occurred:

Traceback (most recent call last):
  File "/usr/local/lib/python3.8/site-packages/googleapiclient/discovery_cache/file_cache.py", line 37, in <module>
    from oauth2client.locked_file import LockedFile
ModuleNotFoundError: No module named 'oauth2client.locked_file'

During handling of the above exception, another exception occurred:

Traceback (most recent call last):
  File "/usr/local/lib/python3.8/site-packages/googleapiclient/discovery_cache/__init__.py", line 44, in autodetect
    from . import file_cache
  File "/usr/local/lib/python3.8/site-packages/googleapiclient/discovery_cache/file_cache.py", line 40, in <module>
    raise ImportError(
ImportError: file_cache is unavailable when using oauth2client >= 4.0.0 or google-auth
27-Jan-21 07:08:23:INFO:Using sender as: David Sim<dsim4205@tcusd.net>
27-Jan-21 07:08:23:INFO:Max rows is: 23and max column is: 4
27-Jan-21 07:08:23:INFO:Starting on email for: Hailey
27-Jan-21 07:08:24:INFO:     Draft saved to Google's servers with id: r2089923405327378894
27-Jan-21 07:08:24:INFO:Email for Hailey has been successfully sent to hau3725@tcusd.net!
27-Jan-21 07:08:24:INFO:#####
27-Jan-21 07:08:24:INFO:Sending email to: Hailey with the address: hau3725@tcusd.net
27-Jan-21 07:08:24:INFO:With body content:
Dear Hailey,

Congrats on finishing your finals! One more semester to go!! 
Join us next week for another meeting about dogs. We will be exploring how different cultures view dogs and their relationships around the world. We will also be taking our club picture this week right after so you sure don't want to miss this meeting!!

Topic: Savay Lieu's Personal Meeting Room
Join Zoom Meeting
https://us02web.zoom.us/j/4749421865?pwd=N3h2T1VtK2ZYWTY5dGpISnE5VFBRQT09

Meeting ID: 474 942 1865
Passcode: 1rypWN

Thank you for being apart of Therapy Dog Club. We'll see you there!

David Sim 
President - Therapy Dog Club

27-Jan-21 07:08:25:INFO:Starting on email for: Adrian
27-Jan-21 07:08:26:INFO:     Draft saved to Google's servers with id: r-4460684992825031269
27-Jan-21 07:08:26:INFO:Email for Adrian has been successfully sent to cchow3786@tcusd.net!
27-Jan-21 07:08:26:INFO:#####
27-Jan-21 07:08:26:INFO:Sending email to: Adrian with the address: cchow3786@tcusd.net
27-Jan-21 07:08:26:INFO:With body content:
Dear Adrian,

Congrats on finishing your finals! One more semester to go!! 
Join us next week for another meeting about dogs. We will be exploring how different cultures view dogs and their relationships around the world. We will also be taking our club picture this week right after so you sure don't want to miss this meeting!!

Topic: Savay Lieu's Personal Meeting Room
Join Zoom Meeting
https://us02web.zoom.us/j/4749421865?pwd=N3h2T1VtK2ZYWTY5dGpISnE5VFBRQT09

Meeting ID: 474 942 1865
Passcode: 1rypWN

Thank you for being apart of Therapy Dog Club. We'll see you there!

David Sim 
President - Therapy Dog Club

27-Jan-21 07:08:27:INFO:Starting on email for: My Cat
27-Jan-21 07:08:27:INFO:     Draft saved to Google's servers with id: r3659797218926185582
27-Jan-21 07:08:27:INFO:Email for My Cat has been successfully sent to MDuong0107@tcusd.net!
27-Jan-21 07:08:27:INFO:#####
27-Jan-21 07:08:27:INFO:Sending email to: My Cat with the address: MDuong0107@tcusd.net
27-Jan-21 07:08:27:INFO:With body content:
Dear My Cat,

Congrats on finishing your finals! One more semester to go!! 
Join us next week for another meeting about dogs. We will be exploring how different cultures view dogs and their relationships around the world. We will also be taking our club picture this week right after so you sure don't want to miss this meeting!!

Topic: Savay Lieu's Personal Meeting Room
Join Zoom Meeting
https://us02web.zoom.us/j/4749421865?pwd=N3h2T1VtK2ZYWTY5dGpISnE5VFBRQT09

Meeting ID: 474 942 1865
Passcode: 1rypWN

Thank you for being apart of Therapy Dog Club. We'll see you there!

David Sim 
President - Therapy Dog Club

27-Jan-21 07:08:28:INFO:Starting on email for: Kaylee
27-Jan-21 07:08:29:INFO:     Draft saved to Google's servers with id: r-959973140594965527
27-Jan-21 07:08:29:INFO:Email for Kaylee has been successfully sent to keiber4542@tcusd.net!
27-Jan-21 07:08:29:INFO:#####
27-Jan-21 07:08:29:INFO:Sending email to: Kaylee with the address: keiber4542@tcusd.net
27-Jan-21 07:08:29:INFO:With body content:
Dear Kaylee,

Congrats on finishing your finals! One more semester to go!! 
Join us next week for another meeting about dogs. We will be exploring how different cultures view dogs and their relationships around the world. We will also be taking our club picture this week right after so you sure don't want to miss this meeting!!

Topic: Savay Lieu's Personal Meeting Room
Join Zoom Meeting
https://us02web.zoom.us/j/4749421865?pwd=N3h2T1VtK2ZYWTY5dGpISnE5VFBRQT09

Meeting ID: 474 942 1865
Passcode: 1rypWN

Thank you for being apart of Therapy Dog Club. We'll see you there!

David Sim 
President - Therapy Dog Club

27-Jan-21 07:08:30:INFO:Starting on email for: Stephanie
27-Jan-21 07:08:30:INFO:     Draft saved to Google's servers with id: r2557440314429353852
27-Jan-21 07:08:30:INFO:Email for Stephanie has been successfully sent to xhu2863@tcusd.net!
27-Jan-21 07:08:30:INFO:#####
27-Jan-21 07:08:30:INFO:Sending email to: Stephanie with the address: xhu2863@tcusd.net
27-Jan-21 07:08:30:INFO:With body content:
Dear Stephanie,

Congrats on finishing your finals! One more semester to go!! 
Join us next week for another meeting about dogs. We will be exploring how different cultures view dogs and their relationships around the world. We will also be taking our club picture this week right after so you sure don't want to miss this meeting!!

Topic: Savay Lieu's Personal Meeting Room
Join Zoom Meeting
https://us02web.zoom.us/j/4749421865?pwd=N3h2T1VtK2ZYWTY5dGpISnE5VFBRQT09

Meeting ID: 474 942 1865
Passcode: 1rypWN

Thank you for being apart of Therapy Dog Club. We'll see you there!

David Sim 
President - Therapy Dog Club

27-Jan-21 07:08:31:INFO:Starting on email for: Jonathan
27-Jan-21 07:08:31:INFO:     Draft saved to Google's servers with id: r-3447502138038576950
27-Jan-21 07:08:31:INFO:Email for Jonathan has been successfully sent to jlee4933@tcusd.net!
27-Jan-21 07:08:31:INFO:#####
27-Jan-21 07:08:31:INFO:Sending email to: Jonathan with the address: jlee4933@tcusd.net
27-Jan-21 07:08:31:INFO:With body content:
Dear Jonathan,

Congrats on finishing your finals! One more semester to go!! 
Join us next week for another meeting about dogs. We will be exploring how different cultures view dogs and their relationships around the world. We will also be taking our club picture this week right after so you sure don't want to miss this meeting!!

Topic: Savay Lieu's Personal Meeting Room
Join Zoom Meeting
https://us02web.zoom.us/j/4749421865?pwd=N3h2T1VtK2ZYWTY5dGpISnE5VFBRQT09

Meeting ID: 474 942 1865
Passcode: 1rypWN

Thank you for being apart of Therapy Dog Club. We'll see you there!

David Sim 
President - Therapy Dog Club

27-Jan-21 07:08:32:INFO:Starting on email for: Jason
27-Jan-21 07:08:33:INFO:     Draft saved to Google's servers with id: r-4249803667180801869
27-Jan-21 07:08:33:INFO:Email for Jason has been successfully sent to jlee3440@tcusd.net!
27-Jan-21 07:08:33:INFO:#####
27-Jan-21 07:08:33:INFO:Sending email to: Jason with the address: jlee3440@tcusd.net
27-Jan-21 07:08:33:INFO:With body content:
Dear Jason,

Congrats on finishing your finals! One more semester to go!! 
Join us next week for another meeting about dogs. We will be exploring how different cultures view dogs and their relationships around the world. We will also be taking our club picture this week right after so you sure don't want to miss this meeting!!

Topic: Savay Lieu's Personal Meeting Room
Join Zoom Meeting
https://us02web.zoom.us/j/4749421865?pwd=N3h2T1VtK2ZYWTY5dGpISnE5VFBRQT09

Meeting ID: 474 942 1865
Passcode: 1rypWN

Thank you for being apart of Therapy Dog Club. We'll see you there!

David Sim 
President - Therapy Dog Club

27-Jan-21 07:08:34:INFO:Starting on email for: Vicky
27-Jan-21 07:08:34:INFO:     Draft saved to Google's servers with id: r4106117268800256768
27-Jan-21 07:08:34:INFO:Email for Vicky has been successfully sent to wli4135@tcusd.net!
27-Jan-21 07:08:34:INFO:#####
27-Jan-21 07:08:34:INFO:Sending email to: Vicky with the address: wli4135@tcusd.net
27-Jan-21 07:08:34:INFO:With body content:
Dear Vicky,

Congrats on finishing your finals! One more semester to go!! 
Join us next week for another meeting about dogs. We will be exploring how different cultures view dogs and their relationships around the world. We will also be taking our club picture this week right after so you sure don't want to miss this meeting!!

Topic: Savay Lieu's Personal Meeting Room
Join Zoom Meeting
https://us02web.zoom.us/j/4749421865?pwd=N3h2T1VtK2ZYWTY5dGpISnE5VFBRQT09

Meeting ID: 474 942 1865
Passcode: 1rypWN

Thank you for being apart of Therapy Dog Club. We'll see you there!

David Sim 
President - Therapy Dog Club

27-Jan-21 07:08:35:INFO:Starting on email for: Jasmine
27-Jan-21 07:08:36:INFO:     Draft saved to Google's servers with id: r-2035251714883531573
27-Jan-21 07:08:36:INFO:Email for Jasmine has been successfully sent to jliu2788@tcusd.net!
27-Jan-21 07:08:36:INFO:#####
27-Jan-21 07:08:36:INFO:Sending email to: Jasmine with the address: jliu2788@tcusd.net
27-Jan-21 07:08:36:INFO:With body content:
Dear Jasmine,

Congrats on finishing your finals! One more semester to go!! 
Join us next week for another meeting about dogs. We will be exploring how different cultures view dogs and their relationships around the world. We will also be taking our club picture this week right after so you sure don't want to miss this meeting!!

Topic: Savay Lieu's Personal Meeting Room
Join Zoom Meeting
https://us02web.zoom.us/j/4749421865?pwd=N3h2T1VtK2ZYWTY5dGpISnE5VFBRQT09

Meeting ID: 474 942 1865
Passcode: 1rypWN

Thank you for being apart of Therapy Dog Club. We'll see you there!

David Sim 
President - Therapy Dog Club

27-Jan-21 07:08:37:INFO:Starting on email for: Chloe
27-Jan-21 07:08:37:INFO:     Draft saved to Google's servers with id: r-2655579672344295917
27-Jan-21 07:08:37:INFO:Email for Chloe has been successfully sent to cluong3964@tcusd.net!
27-Jan-21 07:08:37:INFO:#####
27-Jan-21 07:08:37:INFO:Sending email to: Chloe with the address: cluong3964@tcusd.net
27-Jan-21 07:08:37:INFO:With body content:
Dear Chloe,

Congrats on finishing your finals! One more semester to go!! 
Join us next week for another meeting about dogs. We will be exploring how different cultures view dogs and their relationships around the world. We will also be taking our club picture this week right after so you sure don't want to miss this meeting!!

Topic: Savay Lieu's Personal Meeting Room
Join Zoom Meeting
https://us02web.zoom.us/j/4749421865?pwd=N3h2T1VtK2ZYWTY5dGpISnE5VFBRQT09

Meeting ID: 474 942 1865
Passcode: 1rypWN

Thank you for being apart of Therapy Dog Club. We'll see you there!

David Sim 
President - Therapy Dog Club

27-Jan-21 07:08:38:INFO:Starting on email for: Maria
27-Jan-21 07:08:39:INFO:     Draft saved to Google's servers with id: r-8444355792967079649
27-Jan-21 07:08:39:INFO:Email for Maria has been successfully sent to moceguera0395@tcusd.net!
27-Jan-21 07:08:39:INFO:#####
27-Jan-21 07:08:39:INFO:Sending email to: Maria with the address: moceguera0395@tcusd.net
27-Jan-21 07:08:39:INFO:With body content:
Dear Maria,

Congrats on finishing your finals! One more semester to go!! 
Join us next week for another meeting about dogs. We will be exploring how different cultures view dogs and their relationships around the world. We will also be taking our club picture this week right after so you sure don't want to miss this meeting!!

Topic: Savay Lieu's Personal Meeting Room
Join Zoom Meeting
https://us02web.zoom.us/j/4749421865?pwd=N3h2T1VtK2ZYWTY5dGpISnE5VFBRQT09

Meeting ID: 474 942 1865
Passcode: 1rypWN

Thank you for being apart of Therapy Dog Club. We'll see you there!

David Sim 
President - Therapy Dog Club

27-Jan-21 07:08:40:INFO:Starting on email for: Shanon
27-Jan-21 07:08:40:INFO:     Draft saved to Google's servers with id: r-1588737808976537959
27-Jan-21 07:08:40:INFO:Email for Shanon has been successfully sent to span4658@tcusd.net!
27-Jan-21 07:08:40:INFO:#####
27-Jan-21 07:08:40:INFO:Sending email to: Shanon with the address: span4658@tcusd.net
27-Jan-21 07:08:40:INFO:With body content:
Dear Shanon,

Congrats on finishing your finals! One more semester to go!! 
Join us next week for another meeting about dogs. We will be exploring how different cultures view dogs and their relationships around the world. We will also be taking our club picture this week right after so you sure don't want to miss this meeting!!

Topic: Savay Lieu's Personal Meeting Room
Join Zoom Meeting
https://us02web.zoom.us/j/4749421865?pwd=N3h2T1VtK2ZYWTY5dGpISnE5VFBRQT09

Meeting ID: 474 942 1865
Passcode: 1rypWN

Thank you for being apart of Therapy Dog Club. We'll see you there!

David Sim 
President - Therapy Dog Club

27-Jan-21 07:08:41:INFO:Starting on email for: Allison
27-Jan-21 07:08:42:INFO:     Draft saved to Google's servers with id: r-7762800449313991793
27-Jan-21 07:08:42:INFO:Email for Allison has been successfully sent to apan3320@tcusd.net!
27-Jan-21 07:08:42:INFO:#####
27-Jan-21 07:08:42:INFO:Sending email to: Allison with the address: apan3320@tcusd.net
27-Jan-21 07:08:42:INFO:With body content:
Dear Allison,

Congrats on finishing your finals! One more semester to go!! 
Join us next week for another meeting about dogs. We will be exploring how different cultures view dogs and their relationships around the world. We will also be taking our club picture this week right after so you sure don't want to miss this meeting!!

Topic: Savay Lieu's Personal Meeting Room
Join Zoom Meeting
https://us02web.zoom.us/j/4749421865?pwd=N3h2T1VtK2ZYWTY5dGpISnE5VFBRQT09

Meeting ID: 474 942 1865
Passcode: 1rypWN

Thank you for being apart of Therapy Dog Club. We'll see you there!

David Sim 
President - Therapy Dog Club

27-Jan-21 07:08:43:INFO:Starting on email for: Kelly
27-Jan-21 07:08:43:INFO:     Draft saved to Google's servers with id: r5924782795020134071
27-Jan-21 07:08:43:INFO:Email for Kelly has been successfully sent to kpoplar3228@tcusd.net!
27-Jan-21 07:08:43:INFO:#####
27-Jan-21 07:08:43:INFO:Sending email to: Kelly with the address: kpoplar3228@tcusd.net
27-Jan-21 07:08:43:INFO:With body content:
Dear Kelly,

Congrats on finishing your finals! One more semester to go!! 
Join us next week for another meeting about dogs. We will be exploring how different cultures view dogs and their relationships around the world. We will also be taking our club picture this week right after so you sure don't want to miss this meeting!!

Topic: Savay Lieu's Personal Meeting Room
Join Zoom Meeting
https://us02web.zoom.us/j/4749421865?pwd=N3h2T1VtK2ZYWTY5dGpISnE5VFBRQT09

Meeting ID: 474 942 1865
Passcode: 1rypWN

Thank you for being apart of Therapy Dog Club. We'll see you there!

David Sim 
President - Therapy Dog Club

27-Jan-21 07:08:44:INFO:Starting on email for: Jaden
27-Jan-21 07:08:45:INFO:     Draft saved to Google's servers with id: r-7460537308975571801
27-Jan-21 07:08:45:INFO:Email for Jaden has been successfully sent to jqueron3535@tcusd.net!
27-Jan-21 07:08:45:INFO:#####
27-Jan-21 07:08:45:INFO:Sending email to: Jaden with the address: jqueron3535@tcusd.net
27-Jan-21 07:08:45:INFO:With body content:
Dear Jaden,

Congrats on finishing your finals! One more semester to go!! 
Join us next week for another meeting about dogs. We will be exploring how different cultures view dogs and their relationships around the world. We will also be taking our club picture this week right after so you sure don't want to miss this meeting!!

Topic: Savay Lieu's Personal Meeting Room
Join Zoom Meeting
https://us02web.zoom.us/j/4749421865?pwd=N3h2T1VtK2ZYWTY5dGpISnE5VFBRQT09

Meeting ID: 474 942 1865
Passcode: 1rypWN

Thank you for being apart of Therapy Dog Club. We'll see you there!

David Sim 
President - Therapy Dog Club

27-Jan-21 07:08:46:INFO:Starting on email for: Jacqueline 
27-Jan-21 07:08:46:INFO:     Draft saved to Google's servers with id: r-864159519774953753
27-Jan-21 07:08:46:INFO:Email for Jacqueline  has been successfully sent to jreyes1686@tcusd.net!
27-Jan-21 07:08:46:INFO:#####
27-Jan-21 07:08:46:INFO:Sending email to: Jacqueline  with the address: jreyes1686@tcusd.net
27-Jan-21 07:08:46:INFO:With body content:
Dear Jacqueline ,

Congrats on finishing your finals! One more semester to go!! 
Join us next week for another meeting about dogs. We will be exploring how different cultures view dogs and their relationships around the world. We will also be taking our club picture this week right after so you sure don't want to miss this meeting!!

Topic: Savay Lieu's Personal Meeting Room
Join Zoom Meeting
https://us02web.zoom.us/j/4749421865?pwd=N3h2T1VtK2ZYWTY5dGpISnE5VFBRQT09

Meeting ID: 474 942 1865
Passcode: 1rypWN

Thank you for being apart of Therapy Dog Club. We'll see you there!

David Sim 
President - Therapy Dog Club

27-Jan-21 07:08:47:INFO:Starting on email for: Armita
27-Jan-21 07:08:48:INFO:     Draft saved to Google's servers with id: r4774327157437739008
27-Jan-21 07:08:48:INFO:Email for Armita has been successfully sent to ashadfar3564@tcusd.net!
27-Jan-21 07:08:48:INFO:#####
27-Jan-21 07:08:48:INFO:Sending email to: Armita with the address: ashadfar3564@tcusd.net
27-Jan-21 07:08:48:INFO:With body content:
Dear Armita,

Congrats on finishing your finals! One more semester to go!! 
Join us next week for another meeting about dogs. We will be exploring how different cultures view dogs and their relationships around the world. We will also be taking our club picture this week right after so you sure don't want to miss this meeting!!

Topic: Savay Lieu's Personal Meeting Room
Join Zoom Meeting
https://us02web.zoom.us/j/4749421865?pwd=N3h2T1VtK2ZYWTY5dGpISnE5VFBRQT09

Meeting ID: 474 942 1865
Passcode: 1rypWN

Thank you for being apart of Therapy Dog Club. We'll see you there!

David Sim 
President - Therapy Dog Club

27-Jan-21 07:08:49:INFO:Starting on email for: Suraj
27-Jan-21 07:08:49:INFO:     Draft saved to Google's servers with id: r-3613159769943339269
27-Jan-21 07:08:49:INFO:Email for Suraj has been successfully sent to sshah4312@tcusd.net!
27-Jan-21 07:08:49:INFO:#####
27-Jan-21 07:08:49:INFO:Sending email to: Suraj with the address: sshah4312@tcusd.net
27-Jan-21 07:08:49:INFO:With body content:
Dear Suraj,

Congrats on finishing your finals! One more semester to go!! 
Join us next week for another meeting about dogs. We will be exploring how different cultures view dogs and their relationships around the world. We will also be taking our club picture this week right after so you sure don't want to miss this meeting!!

Topic: Savay Lieu's Personal Meeting Room
Join Zoom Meeting
https://us02web.zoom.us/j/4749421865?pwd=N3h2T1VtK2ZYWTY5dGpISnE5VFBRQT09

Meeting ID: 474 942 1865
Passcode: 1rypWN

Thank you for being apart of Therapy Dog Club. We'll see you there!

David Sim 
President - Therapy Dog Club

27-Jan-21 07:08:50:INFO:Starting on email for: Ashley
27-Jan-21 07:08:50:INFO:     Draft saved to Google's servers with id: r-2187391120792269082
27-Jan-21 07:08:50:INFO:Email for Ashley has been successfully sent to atran3552@tcusd.net !
27-Jan-21 07:08:50:INFO:#####
27-Jan-21 07:08:50:INFO:Sending email to: Ashley with the address: atran3552@tcusd.net 
27-Jan-21 07:08:50:INFO:With body content:
Dear Ashley,

Congrats on finishing your finals! One more semester to go!! 
Join us next week for another meeting about dogs. We will be exploring how different cultures view dogs and their relationships around the world. We will also be taking our club picture this week right after so you sure don't want to miss this meeting!!

Topic: Savay Lieu's Personal Meeting Room
Join Zoom Meeting
https://us02web.zoom.us/j/4749421865?pwd=N3h2T1VtK2ZYWTY5dGpISnE5VFBRQT09

Meeting ID: 474 942 1865
Passcode: 1rypWN

Thank you for being apart of Therapy Dog Club. We'll see you there!

David Sim 
President - Therapy Dog Club

27-Jan-21 07:08:51:INFO:Starting on email for: Lauren
27-Jan-21 07:08:52:INFO:     Draft saved to Google's servers with id: r4647791365860672353
27-Jan-21 07:08:52:INFO:Email for Lauren has been successfully sent to lyoder2789@tcusd.net!
27-Jan-21 07:08:52:INFO:#####
27-Jan-21 07:08:52:INFO:Sending email to: Lauren with the address: lyoder2789@tcusd.net
27-Jan-21 07:08:52:INFO:With body content:
Dear Lauren,

Congrats on finishing your finals! One more semester to go!! 
Join us next week for another meeting about dogs. We will be exploring how different cultures view dogs and their relationships around the world. We will also be taking our club picture this week right after so you sure don't want to miss this meeting!!

Topic: Savay Lieu's Personal Meeting Room
Join Zoom Meeting
https://us02web.zoom.us/j/4749421865?pwd=N3h2T1VtK2ZYWTY5dGpISnE5VFBRQT09

Meeting ID: 474 942 1865
Passcode: 1rypWN

Thank you for being apart of Therapy Dog Club. We'll see you there!

David Sim 
President - Therapy Dog Club

27-Jan-21 07:08:53:INFO:Starting on email for: Anne
27-Jan-21 07:08:53:INFO:     Draft saved to Google's servers with id: r-1913507333799521989
27-Jan-21 07:08:53:INFO:Email for Anne has been successfully sent to dzhu3885@tcusd.net!
27-Jan-21 07:08:53:INFO:#####
27-Jan-21 07:08:53:INFO:Sending email to: Anne with the address: dzhu3885@tcusd.net
27-Jan-21 07:08:53:INFO:With body content:
Dear Anne,

Congrats on finishing your finals! One more semester to go!! 
Join us next week for another meeting about dogs. We will be exploring how different cultures view dogs and their relationships around the world. We will also be taking our club picture this week right after so you sure don't want to miss this meeting!!

Topic: Savay Lieu's Personal Meeting Room
Join Zoom Meeting
https://us02web.zoom.us/j/4749421865?pwd=N3h2T1VtK2ZYWTY5dGpISnE5VFBRQT09

Meeting ID: 474 942 1865
Passcode: 1rypWN

Thank you for being apart of Therapy Dog Club. We'll see you there!

David Sim 
President - Therapy Dog Club

27-Jan-21 07:08:54:INFO:Starting on email for: Nicole
27-Jan-21 07:08:55:INFO:     Draft saved to Google's servers with id: r-6083075138328499545
27-Jan-21 07:08:55:INFO:Email for Nicole has been successfully sent to nlee2799@tcusd.net!
27-Jan-21 07:08:55:INFO:#####
27-Jan-21 07:08:55:INFO:Sending email to: Nicole with the address: nlee2799@tcusd.net
27-Jan-21 07:08:55:INFO:With body content:
Dear Nicole,

Congrats on finishing your finals! One more semester to go!! 
Join us next week for another meeting about dogs. We will be exploring how different cultures view dogs and their relationships around the world. We will also be taking our club picture this week right after so you sure don't want to miss this meeting!!

Topic: Savay Lieu's Personal Meeting Room
Join Zoom Meeting
https://us02web.zoom.us/j/4749421865?pwd=N3h2T1VtK2ZYWTY5dGpISnE5VFBRQT09

Meeting ID: 474 942 1865
Passcode: 1rypWN

Thank you for being apart of Therapy Dog Club. We'll see you there!

David Sim 
President - Therapy Dog Club

27-Jan-21 07:08:56:INFO:List has been cycled through. Exiting...
